0 info it worked if it ends with ok
1 verbose cli [ 'node', '/usr/local/bin/npm', 'install' ]
2 info using npm@1.4.28
3 info using node@v0.10.32
4 verbose readDependencies using package.json deps
5 verbose install where, deps [ '/Users/wangshijun/Sites/node/express-3.0.0/bin/oldweibo',
5 verbose install   [ 'express', 'ejs' ] ]
6 info preinstall application-name@0.0.1
7 verbose readDependencies using package.json deps
8 verbose cache add [ 'express@3.0.0-beta7', null ]
9 verbose cache add name=undefined spec="express@3.0.0-beta7" args=["express@3.0.0-beta7",null]
10 verbose parsed url { protocol: null,
10 verbose parsed url   slashes: null,
10 verbose parsed url   auth: null,
10 verbose parsed url   host: null,
10 verbose parsed url   port: null,
10 verbose parsed url   hostname: null,
10 verbose parsed url   hash: null,
10 verbose parsed url   search: null,
10 verbose parsed url   query: null,
10 verbose parsed url   pathname: 'express@3.0.0-beta7',
10 verbose parsed url   path: 'express@3.0.0-beta7',
10 verbose parsed url   href: 'express@3.0.0-beta7' }
11 verbose cache add [ 'ejs@*', null ]
12 verbose cache add name=undefined spec="ejs@*" args=["ejs@*",null]
13 verbose parsed url { protocol: null,
13 verbose parsed url   slashes: null,
13 verbose parsed url   auth: null,
13 verbose parsed url   host: null,
13 verbose parsed url   port: null,
13 verbose parsed url   hostname: null,
13 verbose parsed url   hash: null,
13 verbose parsed url   search: null,
13 verbose parsed url   query: null,
13 verbose parsed url   pathname: 'ejs@*',
13 verbose parsed url   path: 'ejs@*',
13 verbose parsed url   href: 'ejs@*' }
14 verbose cache add name="express" spec="3.0.0-beta7" args=["express","3.0.0-beta7"]
15 verbose parsed url { protocol: null,
15 verbose parsed url   slashes: null,
15 verbose parsed url   auth: null,
15 verbose parsed url   host: null,
15 verbose parsed url   port: null,
15 verbose parsed url   hostname: null,
15 verbose parsed url   hash: null,
15 verbose parsed url   search: null,
15 verbose parsed url   query: null,
15 verbose parsed url   pathname: '3.0.0-beta7',
15 verbose parsed url   path: '3.0.0-beta7',
15 verbose parsed url   href: '3.0.0-beta7' }
16 verbose addNamed [ 'express', '3.0.0-beta7' ]
17 verbose addNamed [ '3.0.0-beta7', '3.0.0-beta7' ]
18 verbose cache add name="ejs" spec="*" args=["ejs","*"]
19 verbose parsed url { protocol: null,
19 verbose parsed url   slashes: null,
19 verbose parsed url   auth: null,
19 verbose parsed url   host: null,
19 verbose parsed url   port: null,
19 verbose parsed url   hostname: null,
19 verbose parsed url   hash: null,
19 verbose parsed url   search: null,
19 verbose parsed url   query: null,
19 verbose parsed url   pathname: '*',
19 verbose parsed url   path: '*',
19 verbose parsed url   href: '*' }
20 verbose addNamed [ 'ejs', '*' ]
21 verbose addNamed [ null, '*' ]
22 silly lockFile ec7c1e0c-express-3-0-0-beta7 express@3.0.0-beta7
23 verbose lock express@3.0.0-beta7 /Users/wangshijun/.npm/ec7c1e0c-express-3-0-0-beta7.lock
24 silly lockFile 9d73ed50-ejs ejs@*
25 verbose lock ejs@* /Users/wangshijun/.npm/9d73ed50-ejs.lock
26 silly addNameRange { name: 'ejs', range: '*', hasData: false }
27 verbose request where is /ejs
28 verbose request registry https://registry.npmjs.org/
29 verbose request id f0940be763c73cd5
30 verbose url raw /ejs
31 verbose url resolving [ 'https://registry.npmjs.org/', './ejs' ]
32 verbose url resolved https://registry.npmjs.org/ejs
33 verbose request where is https://registry.npmjs.org/ejs
34 info trying registry request attempt 1 at 23:41:00
35 verbose etag "15TJWYSPTT04PG8RFMKMQ8233"
36 http GET https://registry.npmjs.org/ejs
37 verbose request where is /express
38 verbose request registry https://registry.npmjs.org/
39 verbose url raw /express
40 verbose url resolving [ 'https://registry.npmjs.org/', './express' ]
41 verbose url resolved https://registry.npmjs.org/express
42 verbose request where is https://registry.npmjs.org/express
43 info trying registry request attempt 1 at 23:41:00
44 verbose etag "6MM703BQL6N2WDVZTMELR7ODD"
45 http GET https://registry.npmjs.org/express
46 http 304 https://registry.npmjs.org/ejs
47 silly registry.get cb [ 304,
47 silly registry.get   { date: 'Tue, 11 Nov 2014 15:40:59 GMT',
47 silly registry.get     server: 'Apache',
47 silly registry.get     via: '1.1 varnish',
47 silly registry.get     'last-modified': 'Tue, 11 Nov 2014 15:40:59 GMT',
47 silly registry.get     'cache-control': 'max-age=60',
47 silly registry.get     etag: '"15TJWYSPTT04PG8RFMKMQ8233"',
47 silly registry.get     age: '6',
47 silly registry.get     'x-served-by': 'cache-lax1427-LAX',
47 silly registry.get     'x-cache': 'HIT',
47 silly registry.get     'x-cache-hits': '1',
47 silly registry.get     'x-timer': 'S1415720459.533006,VS0,VE0',
47 silly registry.get     vary: 'Accept',
47 silly registry.get     'content-length': '0',
47 silly registry.get     'keep-alive': 'timeout=10, max=50',
47 silly registry.get     connection: 'Keep-Alive' } ]
48 verbose etag https://registry.npmjs.org/ejs from cache
49 http 304 https://registry.npmjs.org/express
50 silly registry.get cb [ 304,
50 silly registry.get   { date: 'Tue, 11 Nov 2014 15:40:59 GMT',
50 silly registry.get     server: 'Apache',
50 silly registry.get     via: '1.1 varnish',
50 silly registry.get     'last-modified': 'Tue, 11 Nov 2014 15:24:46 GMT',
50 silly registry.get     'cache-control': 'max-age=60',
50 silly registry.get     etag: '"6MM703BQL6N2WDVZTMELR7ODD"',
50 silly registry.get     age: '7',
50 silly registry.get     'x-served-by': 'cache-lax1423-LAX',
50 silly registry.get     'x-cache': 'HIT',
50 silly registry.get     'x-cache-hits': '53',
50 silly registry.get     'x-timer': 'S1415720459.577600,VS0,VE0',
50 silly registry.get     vary: 'Accept',
50 silly registry.get     'content-length': '0',
50 silly registry.get     'keep-alive': 'timeout=10, max=50',
50 silly registry.get     connection: 'Keep-Alive' } ]
51 verbose etag https://registry.npmjs.org/express from cache
52 silly lockFile 738be917-g-express-express-3-0-0beta7-tgz https://registry.npmjs.org/express/-/express-3.0.0beta7.tgz
53 verbose lock https://registry.npmjs.org/express/-/express-3.0.0beta7.tgz /Users/wangshijun/.npm/738be917-g-express-express-3-0-0beta7-tgz.lock
54 verbose addRemoteTarball [ 'https://registry.npmjs.org/express/-/express-3.0.0beta7.tgz',
54 verbose addRemoteTarball   '92e854f2814e05a333d2acfde43585cfda21d9aa' ]
55 info retry fetch attempt 1 at 23:41:02
56 verbose fetch to= /var/folders/tn/82rc4d4j0hg6cpdzl68jxn6w0000gn/T/npm-8274-Mj9cCN_v/registry.npmjs.org/express/-/express-3.0.0beta7.tgz
57 http GET https://registry.npmjs.org/express/-/express-3.0.0beta7.tgz
58 silly addNameRange number 2 { name: 'ejs', range: '*', hasData: true }
59 silly addNameRange versions [ 'ejs',
59 silly addNameRange   [ '0.0.1',
59 silly addNameRange     '0.0.2',
59 silly addNameRange     '0.0.3',
59 silly addNameRange     '0.0.4',
59 silly addNameRange     '0.1.0',
59 silly addNameRange     '0.2.0',
59 silly addNameRange     '0.2.1',
59 silly addNameRange     '0.3.0',
59 silly addNameRange     '0.3.1',
59 silly addNameRange     '0.4.0',
59 silly addNameRange     '0.4.1',
59 silly addNameRange     '0.4.2',
59 silly addNameRange     '0.4.3',
59 silly addNameRange     '0.5.0',
59 silly addNameRange     '0.6.0',
59 silly addNameRange     '0.6.1',
59 silly addNameRange     '0.7.0',
59 silly addNameRange     '0.7.1',
59 silly addNameRange     '0.7.2',
59 silly addNameRange     '0.8.0',
59 silly addNameRange     '0.8.1',
59 silly addNameRange     '0.8.2',
59 silly addNameRange     '0.8.3',
59 silly addNameRange     '0.8.4',
59 silly addNameRange     '0.8.5',
59 silly addNameRange     '0.8.6',
59 silly addNameRange     '0.8.8',
59 silly addNameRange     '1.0.0' ] ]
60 verbose addNamed [ 'ejs', '1.0.0' ]
61 verbose addNamed [ '1.0.0', '1.0.0' ]
62 silly lockFile 3b9d58f7-ejs-1-0-0 ejs@1.0.0
63 verbose lock ejs@1.0.0 /Users/wangshijun/.npm/3b9d58f7-ejs-1-0-0.lock
64 silly lockFile 2583a321-stry-npmjs-org-ejs-ejs-1-0-0-tgz https://registry.npmjs.org/ejs/-/ejs-1.0.0.tgz
65 verbose lock https://registry.npmjs.org/ejs/-/ejs-1.0.0.tgz /Users/wangshijun/.npm/2583a321-stry-npmjs-org-ejs-ejs-1-0-0-tgz.lock
66 verbose addRemoteTarball [ 'https://registry.npmjs.org/ejs/-/ejs-1.0.0.tgz',
66 verbose addRemoteTarball   'c9c60a48a46ee452fb32a71c317b95e5aa1fcb3d' ]
67 info retry fetch attempt 1 at 23:41:02
68 verbose fetch to= /var/folders/tn/82rc4d4j0hg6cpdzl68jxn6w0000gn/T/npm-8274-Mj9cCN_v/registry.npmjs.org/ejs/-/ejs-1.0.0.tgz
69 http GET https://registry.npmjs.org/ejs/-/ejs-1.0.0.tgz
70 http 200 https://registry.npmjs.org/ejs/-/ejs-1.0.0.tgz
71 silly lockFile 2583a321-stry-npmjs-org-ejs-ejs-1-0-0-tgz https://registry.npmjs.org/ejs/-/ejs-1.0.0.tgz
72 silly lockFile 2583a321-stry-npmjs-org-ejs-ejs-1-0-0-tgz https://registry.npmjs.org/ejs/-/ejs-1.0.0.tgz
73 silly lockFile 3b9d58f7-ejs-1-0-0 ejs@1.0.0
74 silly lockFile 3b9d58f7-ejs-1-0-0 ejs@1.0.0
75 silly lockFile 9d73ed50-ejs ejs@*
76 silly lockFile 9d73ed50-ejs ejs@*
77 http 200 https://registry.npmjs.org/express/-/express-3.0.0beta7.tgz
78 silly lockFile 738be917-g-express-express-3-0-0beta7-tgz https://registry.npmjs.org/express/-/express-3.0.0beta7.tgz
79 silly lockFile 738be917-g-express-express-3-0-0beta7-tgz https://registry.npmjs.org/express/-/express-3.0.0beta7.tgz
80 silly lockFile ec7c1e0c-express-3-0-0-beta7 express@3.0.0-beta7
81 silly lockFile ec7c1e0c-express-3-0-0-beta7 express@3.0.0-beta7
82 error Error: EACCES, mkdir '/Users/wangshijun/.npm/express/3.0.0-beta7'
82 error  { [Error: EACCES, mkdir '/Users/wangshijun/.npm/express/3.0.0-beta7']
82 error   errno: 3,
82 error   code: 'EACCES',
82 error   path: '/Users/wangshijun/.npm/express/3.0.0-beta7',
82 error   parent: 'application-name' }
83 error Please try running this command again as root/Administrator.
84 error System Darwin 14.0.0
85 error command "node" "/usr/local/bin/npm" "install"
86 error cwd /Users/wangshijun/Sites/node/express-3.0.0/bin/oldweibo
87 error node -v v0.10.32
88 error npm -v 1.4.28
89 error path /Users/wangshijun/.npm/express/3.0.0-beta7
90 error code EACCES
91 error errno 3
92 error stack Error: EACCES, mkdir '/Users/wangshijun/.npm/express/3.0.0-beta7'
93 verbose exit [ 3, true ]
